<?xml version="1.0" encoding="UTF-8"?>
<testng-results skipped="0" failed="0" ignored="0" total="1" passed="1">
  <reporter-output>
  </reporter-output>
  <suite name="Default suite" duration-ms="13423" started-at="2020-03-20T18:55:52 IST" finished-at="2020-03-20T18:56:05 IST">
    <groups>
    </groups>
    <test name="Default test" duration-ms="13423" started-at="2020-03-20T18:55:52 IST" finished-at="2020-03-20T18:56:05 IST">
      <class name="Logintesting.TC_04LOGOtest">
        <test-method status="PASS" signature="beforeTest()[pri:0, instance:Logintesting.TC_04LOGOtest@5bc79255]" name="beforeTest" is-config="true" duration-ms="5788" started-at="2020-03-20T18:55:52 IST" finished-at="2020-03-20T18:55:57 IST">
          <reporter-output>
          </reporter-output>
        </test-method> <!-- beforeTest -->
        <test-method status="PASS" signature="Testcase()[pri:0, instance:Logintesting.TC_04LOGOtest@5bc79255]" name="Testcase" duration-ms="5230" started-at="2020-03-20T18:55:57 IST" finished-at="2020-03-20T18:56:03 IST">
          <reporter-output>
          </reporter-output>
        </test-method> <!-- Testcase -->
        <test-method status="PASS" signature="afterTest()[pri:0, instance:Logintesting.TC_04LOGOtest@5bc79255]" name="afterTest" is-config="true" duration-ms="2331" started-at="2020-03-20T18:56:03 IST" finished-at="2020-03-20T18:56:05 IST">
          <reporter-output>
          </reporter-output>
        </test-method> <!-- afterTest -->
      </class> <!-- Logintesting.TC_04LOGOtest -->
    </test> <!-- Default test -->
  </suite> <!-- Default suite -->
</testng-results>
